<?xml version="1.0" encoding="UTF-8"?>
<!-- Generated by org.testng.reporters.JUnitReportReporter -->
<testsuite hostname="DESKTOP-A9223PE" failures="0" tests="1" name="ECOMadmintest.Myaccountpagetest" time="37.355" errors="0" timestamp="2021-04-21T12:53:41 IST" skipped="0">
  <testcase classname="ECOMadmintest.Myaccountpagetest" name="verifytitle" time="37.355"/>
  <system-out/>
</testsuite> <!-- ECOMadmintest.Myaccountpagetest -->
