<?xml version="1.0" encoding="UTF-8"?>
<!-- Generated by org.testng.reporters.JUnitReportReporter -->
<testsuite hostname="DESKTOP-A9223PE" failures="0" tests="2" name="ECOMadmintest.Homepagetest" time="69.382" errors="0" timestamp="2021-04-21T11:29:48 IST" skipped="0">
  <testcase classname="ECOMadmintest.Homepagetest" name="verifylogo" time="11.697"/>
  <system-out/>
  <testcase classname="ECOMadmintest.Homepagetest" name="Logintest" time="57.685"/>
  <system-out/>
</testsuite> <!-- ECOMadmintest.Homepagetest -->
