<?xml version="1.0" encoding="UTF-8"?>
<!-- Generated by org.testng.reporters.JUnitReportReporter -->
<testsuite hostname="DESKTOP-A9223PE" failures="0" tests="1" name="ECOMadmintest.Productspagetest" time="55.598" errors="0" timestamp="2021-04-21T15:51:06 IST" skipped="0">
  <testcase classname="ECOMadmintest.Productspagetest" name="verifytitle" time="55.598"/>
  <system-out/>
</testsuite> <!-- ECOMadmintest.Productspagetest -->
