<?xml version="1.0" encoding="UTF-8"?>
<!-- Generated by org.testng.reporters.JUnitReportReporter -->
<testsuite hostname="DESKTOP-A9223PE" failures="0" tests="1" name="ECOMadmintest.Addnewproductpagetest" time="113.718" errors="0" timestamp="2021-04-21T16:51:20 IST" skipped="0">
  <testcase classname="ECOMadmintest.Addnewproductpagetest" name="addproductdetails" time="113.718"/>
  <system-out/>
</testsuite> <!-- ECOMadmintest.Addnewproductpagetest -->
